<?xml version="1.0" encoding="UTF-8"?>
<testng-results ignored="0" total="1" passed="1" failed="0" skipped="0">
  <reporter-output>
  </reporter-output>
  <suite started-at="2019-10-10T18:32:25Z" name="Default suite" finished-at="2019-10-10T18:32:25Z" duration-ms="44">
    <groups>
    </groups>
    <test started-at="2019-10-10T18:32:25Z" name="Default test" finished-at="2019-10-10T18:32:25Z" duration-ms="44">
      <class name="seleniumTest.EncodingPass">
        <test-method signature="decoder()[pri:0, instance:seleniumTest.EncodingPass@48524010]" started-at="2019-10-10T18:32:25Z" name="decoder" finished-at="2019-10-10T18:32:25Z" duration-ms="15" status="PASS">
          <reporter-output>
          </reporter-output>
        </test-method> <!-- decoder -->
      </class> <!-- seleniumTest.EncodingPass -->
    </test> <!-- Default test -->
  </suite> <!-- Default suite -->
</testng-results>
